<<<<<<< HEAD
C:\LUCIDAA\LUCID\LUCID\RELEASE\SNAKE.OBJ
C:\LUCIDAA\LUCID\LUCID\RELEASE\AMBIANCE.OBJ
C:\LUCIDAA\LUCID\LUCID\RELEASE\VOICEMAIL.OBJ
C:\LUCIDAA\LUCID\LUCID\RELEASE\MOBIL.OBJ
C:\LUCIDAA\LUCID\LUCID\RELEASE\MAIN.OBJ
C:\LUCIDAA\LUCID\LUCID\RELEASE\GAME.OBJ
C:\LUCIDAA\LUCID\LUCID\RELEASE\FILHANTERARE.OBJ
C:\LUCIDAA\LUCID\LUCID\RELEASE\EVENT.OBJ
C:\LUCIDAA\LUCID\LUCID\RELEASE\DIALOG.OBJ
C:\LUCIDAA\LUCID\LUCID\RELEASE\LIGHTSOURCE.OBJ
C:\LUCIDAA\LUCID\LUCID\RELEASE\LIGHTMANAGER.OBJ
C:\LUCIDAA\LUCID\LUCID\RELEASE\LIGHTMAIN.OBJ
C:\LUCIDAA\LUCID\LUCID\RELEASE\LIGHT.OBJ
C:\LUCIDAA\LUCID\LUCID\RELEASE\HIDING.OBJ
C:\LUCIDAA\LUCID\LUCID\RELEASE\FLASHLIGHT.OBJ
C:\LUCIDAA\LUCID\LUCID\RELEASE\FADE.OBJ
C:\LUCIDAA\LUCID\LUCID\RELEASE\ENTITY.OBJ
C:\LUCIDAA\LUCID\LUCID\RELEASE\ENEMY.OBJ
C:\LUCIDAA\LUCID\LUCID\RELEASE\EFFECTS.OBJ
C:\LUCIDAA\LUCID\LUCID\RELEASE\CUBE.OBJ
C:\LUCIDAA\LUCID\LUCID\RELEASE\CAMERA.OBJ
C:\LUCIDAA\LUCID\LUCID\RELEASE\BUTTON.OBJ
C:\LUCIDAA\LUCID\LUCID\RELEASE\ANIMATEDOBJECT.OBJ
C:\LUCIDAA\LUCID\LUCID\RELEASE\WALL.OBJ
C:\LUCIDAA\LUCID\LUCID\RELEASE\VENTILATION.OBJ
C:\LUCIDAA\LUCID\LUCID\RELEASE\TRIGGER.OBJ
C:\LUCIDAA\LUCID\LUCID\RELEASE\SOURCE.OBJ
C:\LUCIDAA\LUCID\LUCID\RELEASE\SAVELOAD.OBJ
C:\LUCIDAA\LUCID\LUCID\RELEASE\SANITY.OBJ
C:\LUCIDAA\LUCID\LUCID\RELEASE\ROOF.OBJ
C:\LUCIDAA\LUCID\LUCID\RELEASE\PORTALFADE.OBJ
C:\LUCIDAA\LUCID\LUCID\RELEASE\PORTAL.OBJ
C:\LUCIDAA\LUCID\LUCID\RELEASE\PLAYER.OBJ
C:\LUCIDAA\LUCID\LUCID\RELEASE\PARALLAX.OBJ
C:\LUCIDAA\LUCID\LUCID\RELEASE\OBJECT.OBJ
C:\LUCIDAA\LUCID\LUCID\RELEASE\NPC.OBJ
C:\LUCIDAA\LUCID\LUCID\RELEASE\MAP.OBJ
C:\LUCIDAA\LUCID\LUCID\RELEASE\VC110.PDB
C:\Lucidaa\Lucid\Lucid\Release\ambiance.obj
C:\Lucidaa\Lucid\Lucid\Release\AnimatedObject.obj
C:\Lucidaa\Lucid\Lucid\Release\Button.obj
C:\Lucidaa\Lucid\Lucid\Release\Camera.obj
C:\Lucidaa\Lucid\Lucid\Release\Cube.obj
C:\Lucidaa\Lucid\Lucid\Release\Dialog.obj
C:\Lucidaa\Lucid\Lucid\Release\Effects.obj
C:\Lucidaa\Lucid\Lucid\Release\Enemy.obj
C:\Lucidaa\Lucid\Lucid\Release\Entity.obj
C:\Lucidaa\Lucid\Lucid\Release\Event.obj
C:\Lucidaa\Lucid\Lucid\Release\Fade.obj
C:\Lucidaa\Lucid\Lucid\Release\FilHanterare.obj
C:\Lucidaa\Lucid\Lucid\Release\Flashlight.obj
C:\Lucidaa\Lucid\Lucid\Release\Game.obj
C:\Lucidaa\Lucid\Lucid\Release\Hiding.obj
C:\Lucidaa\Lucid\Lucid\Release\Light.obj
C:\Lucidaa\Lucid\Lucid\Release\LightMain.obj
C:\Lucidaa\Lucid\Lucid\Release\LightManager.obj
C:\Lucidaa\Lucid\Lucid\Release\LightSource.obj
C:\Lucidaa\Lucid\Lucid\Release\Main.obj
C:\Lucidaa\Lucid\Lucid\Release\Map.obj
C:\Lucidaa\Lucid\Lucid\Release\Mobil.obj
C:\Lucidaa\Lucid\Lucid\Release\Npc.obj
C:\Lucidaa\Lucid\Lucid\Release\Object.obj
C:\Lucidaa\Lucid\Lucid\Release\Parallax.obj
C:\Lucidaa\Lucid\Lucid\Release\Player.obj
C:\Lucidaa\Lucid\Lucid\Release\Portal.obj
C:\Lucidaa\Lucid\Lucid\Release\PortalFade.obj
C:\Lucidaa\Lucid\Lucid\Release\Roof.obj
C:\Lucidaa\Lucid\Lucid\Release\Sanity.obj
C:\Lucidaa\Lucid\Lucid\Release\SaveLoad.obj
C:\Lucidaa\Lucid\Lucid\Release\snake.obj
C:\Lucidaa\Lucid\Lucid\Release\Source.obj
C:\Lucidaa\Lucid\Lucid\Release\Trigger.obj
C:\Lucidaa\Lucid\Lucid\Release\Ventilation.obj
C:\Lucidaa\Lucid\Lucid\Release\VoiceMail.obj
C:\Lucidaa\Lucid\Lucid\Release\Wall.obj
C:\Lucidaa\Lucid\Lucid\Release\cl.command.1.tlog
C:\Lucidaa\Lucid\Lucid\Release\CL.read.1.tlog
C:\Lucidaa\Lucid\Lucid\Release\CL.write.1.tlog
C:\Lucidaa\Lucid\Lucid\Release\link-cvtres.read.1.tlog
C:\Lucidaa\Lucid\Lucid\Release\link-cvtres.write.1.tlog
C:\Lucidaa\Lucid\Lucid\Release\link-rc.read.1.tlog
C:\Lucidaa\Lucid\Lucid\Release\link-rc.write.1.tlog
C:\Lucidaa\Lucid\Lucid\Release\link.command.1.tlog
C:\Lucidaa\Lucid\Lucid\Release\link.read.1.tlog
C:\Lucidaa\Lucid\Lucid\Release\link.read.3.tlog
C:\Lucidaa\Lucid\Lucid\Release\link.read.4.tlog
C:\Lucidaa\Lucid\Lucid\Release\link.read.5.tlog
C:\Lucidaa\Lucid\Lucid\Release\link.write.1.tlog
C:\Lucidaa\Lucid\Lucid\Release\Lucid.pdb
C:\Lucidaa\Lucid\Lucid\Release\vc110.pdb
C:\Lucidaa\Lucid\Lucid\Release\..\Release\Lucid.pdb
=======
P:\LUCID\LUCID\LUCID\RELEASE\MAIN.OBJ
P:\LUCID\LUCID\LUCID\RELEASE\LIGHTSOURCE.OBJ
P:\LUCID\LUCID\LUCID\RELEASE\LIGHTMANAGER.OBJ
P:\LUCID\LUCID\LUCID\RELEASE\LIGHTMAIN.OBJ
P:\LUCID\LUCID\LUCID\RELEASE\LIGHT.OBJ
P:\LUCID\LUCID\LUCID\RELEASE\HIDING.OBJ
P:\LUCID\LUCID\LUCID\RELEASE\GAME.OBJ
P:\LUCID\LUCID\LUCID\RELEASE\FLASHLIGHT.OBJ
P:\LUCID\LUCID\LUCID\RELEASE\FILHANTERARE.OBJ
P:\LUCID\LUCID\LUCID\RELEASE\FADE.OBJ
P:\LUCID\LUCID\LUCID\RELEASE\EVENT.OBJ
P:\LUCID\LUCID\LUCID\RELEASE\ENTITY.OBJ
P:\LUCID\LUCID\LUCID\RELEASE\ENEMY.OBJ
P:\LUCID\LUCID\LUCID\RELEASE\EFFECTS.OBJ
P:\LUCID\LUCID\LUCID\RELEASE\DIALOG.OBJ
P:\LUCID\LUCID\LUCID\RELEASE\CUBE.OBJ
P:\LUCID\LUCID\LUCID\RELEASE\CAMERA.OBJ
P:\LUCID\LUCID\LUCID\RELEASE\BUTTON.OBJ
P:\LUCID\LUCID\LUCID\RELEASE\ANIMATEDOBJECT.OBJ
P:\LUCID\LUCID\LUCID\RELEASE\AMBIANCE.OBJ
P:\LUCID\LUCID\LUCID\RELEASE\WALL.OBJ
P:\LUCID\LUCID\LUCID\RELEASE\VOICEMAIL.OBJ
P:\LUCID\LUCID\LUCID\RELEASE\VENTILATION.OBJ
P:\LUCID\LUCID\LUCID\RELEASE\TRIGGER.OBJ
P:\LUCID\LUCID\LUCID\RELEASE\SOURCE.OBJ
P:\LUCID\LUCID\LUCID\RELEASE\SNAKE.OBJ
P:\LUCID\LUCID\LUCID\RELEASE\SAVELOAD.OBJ
P:\LUCID\LUCID\LUCID\RELEASE\SANITY.OBJ
P:\LUCID\LUCID\LUCID\RELEASE\ROOF.OBJ
P:\LUCID\LUCID\LUCID\RELEASE\PORTALFADE.OBJ
P:\LUCID\LUCID\LUCID\RELEASE\PORTAL.OBJ
P:\LUCID\LUCID\LUCID\RELEASE\PLAYER.OBJ
P:\LUCID\LUCID\LUCID\RELEASE\PARALLAX.OBJ
P:\LUCID\LUCID\LUCID\RELEASE\OBJECT.OBJ
P:\LUCID\LUCID\LUCID\RELEASE\NPC.OBJ
P:\LUCID\LUCID\LUCID\RELEASE\MOBIL.OBJ
P:\LUCID\LUCID\LUCID\RELEASE\MAP.OBJ
P:\LUCID\LUCID\LUCID\RELEASE\VC110.PDB
P:\Lucid\Lucid\Lucid\Release\Parallax.obj
P:\Lucid\Lucid\Lucid\Release\SaveLoad.obj
P:\Lucid\Lucid\Lucid\Release\LightSource.obj
P:\Lucid\Lucid\Lucid\Release\Object.obj
P:\Lucid\Lucid\Lucid\Release\Ventilation.obj
P:\Lucid\Lucid\Lucid\Release\Cube.obj
P:\Lucid\Lucid\Lucid\Release\Wall.obj
P:\Lucid\Lucid\Lucid\Release\FilHanterare.obj
P:\Lucid\Lucid\Lucid\Release\Hiding.obj
P:\Lucid\Lucid\Lucid\Release\Fade.obj
P:\Lucid\Lucid\Lucid\Release\Sanity.obj
P:\Lucid\Lucid\Lucid\Release\LightMain.obj
P:\Lucid\Lucid\Lucid\Release\snake.obj
P:\Lucid\Lucid\Lucid\Release\VoiceMail.obj
P:\Lucid\Lucid\Lucid\Release\Event.obj
P:\Lucid\Lucid\Lucid\Release\LightManager.obj
P:\Lucid\Lucid\Lucid\Release\PortalFade.obj
P:\Lucid\Lucid\Lucid\Release\Effects.obj
P:\Lucid\Lucid\Lucid\Release\Portal.obj
P:\Lucid\Lucid\Lucid\Release\Roof.obj
P:\Lucid\Lucid\Lucid\Release\Flashlight.obj
P:\Lucid\Lucid\Lucid\Release\Button.obj
P:\Lucid\Lucid\Lucid\Release\Player.obj
P:\Lucid\Lucid\Lucid\Release\Mobil.obj
P:\Lucid\Lucid\Lucid\Release\Source.obj
P:\Lucid\Lucid\Lucid\Release\Dialog.obj
P:\Lucid\Lucid\Lucid\Release\Trigger.obj
P:\Lucid\Lucid\Lucid\Release\Npc.obj
P:\Lucid\Lucid\Lucid\Release\Camera.obj
P:\Lucid\Lucid\Lucid\Release\Main.obj
P:\Lucid\Lucid\Lucid\Release\Entity.obj
P:\Lucid\Lucid\Lucid\Release\Game.obj
P:\Lucid\Lucid\Lucid\Release\Light.obj
P:\Lucid\Lucid\Lucid\Release\AnimatedObject.obj
P:\Lucid\Lucid\Lucid\Release\Map.obj
P:\Lucid\Lucid\Lucid\Release\ambiance.obj
P:\Lucid\Lucid\Lucid\Release\Enemy.obj
P:\Lucid\Lucid\Lucid\Release\link.read.2.tlog
P:\Lucid\Lucid\Lucid\Release\link-cvtres.write.1.tlog
P:\Lucid\Lucid\Lucid\Release\cl.command.1.tlog
P:\Lucid\Lucid\Lucid\Release\link.read.3.tlog
P:\Lucid\Lucid\Lucid\Release\CL.read.1.tlog
P:\Lucid\Lucid\Lucid\Release\link.read.1.tlog
P:\Lucid\Lucid\Lucid\Release\link.read.5.tlog
P:\Lucid\Lucid\Lucid\Release\link-rc.write.1.tlog
P:\Lucid\Lucid\Lucid\Release\link.command.1.tlog
P:\Lucid\Lucid\Lucid\Release\CL.write.1.tlog
P:\Lucid\Lucid\Lucid\Release\link-rc.read.1.tlog
P:\Lucid\Lucid\Lucid\Release\link-cvtres.read.1.tlog
P:\Lucid\Lucid\Lucid\Release\link.write.1.tlog
P:\Lucid\Lucid\Lucid\Release\link.read.4.tlog
P:\Lucid\Lucid\Lucid\Release\vc110.pdb
P:\Lucid\Lucid\Release\Lucid.pdb
>>>>>>> 8a94557802b88f745f6ba51466ab8f59808d266a
