Build started 2014-02-11 16:40:21.
     1>Project "P:\Lucid\Lucid\Lucid\Lucid.vcxproj" on node 2 (Build target(s)).
     1>ClCompile:
         C:\Program Files (x86)\Microsoft Visual Studio 11.0\VC\bin\CL.exe /c /I"P:\SFML-2.1\include" /ZI /nologo /W3 /WX- /sdl /Od /Oy- /D WIN32 /D _DEBUG /D _WINDOWS /D _UNICODE /D UNICODE /Gm /EHsc /RTC1 /MDd /GS /fp:precise /Zc:wchar_t /Zc:forScope /Fo"Debug\\" /Fd"Debug\vc110.pdb" /Gd /TP /analyze- /errorReport:prompt Event.cpp Game.cpp Main.cpp
         Game.cpp
     1>p:\lucid\lucid\lucid\game.cpp(319): warning C4018: '<' : signed/unsigned mismatch
     1>p:\lucid\lucid\lucid\game.cpp(329): warning C4244: 'argument' : conversion from 'int' to 'float', possible loss of data
     1>p:\lucid\lucid\lucid\game.cpp(345): warning C4244: 'argument' : conversion from 'int' to 'float', possible loss of data
     1>p:\lucid\lucid\lucid\game.cpp(354): warning C4244: 'argument' : conversion from 'int' to 'float', possible loss of data
     1>p:\lucid\lucid\lucid\game.cpp(367): warning C4244: 'argument' : conversion from 'int' to 'float', possible loss of data
     1>p:\lucid\lucid\lucid\game.cpp(378): warning C4244: 'argument' : conversion from 'int' to 'float', possible loss of data
     1>p:\lucid\lucid\lucid\game.cpp(387): warning C4244: 'argument' : conversion from 'int' to 'float', possible loss of data
     1>p:\lucid\lucid\lucid\game.cpp(397): warning C4244: 'argument' : conversion from 'int' to 'float', possible loss of data
     1>p:\lucid\lucid\lucid\game.cpp(437): warning C4244: '=' : conversion from 'int' to 'float', possible loss of data
     1>p:\lucid\lucid\lucid\game.cpp(438): warning C4244: '=' : conversion from 'int' to 'float', possible loss of data
     1>p:\lucid\lucid\lucid\game.cpp(451): warning C4244: 'argument' : conversion from 'int' to 'float', possible loss of data
     1>p:\lucid\lucid\lucid\game.cpp(451): warning C4244: 'argument' : conversion from 'unsigned int' to 'float', possible loss of data
         Event.cpp
         Generating Code...
         Skipping... (no relevant changes detected)
         Main.cpp
       Link:
         C:\Program Files (x86)\Microsoft Visual Studio 11.0\VC\bin\link.exe /ERRORREPORT:PROMPT /OUT:"P:\Lucid\Lucid\Debug\Lucid.exe" /INCREMENTAL /NOLOGO /LIBPATH:"P:\SFML-2.1\lib" "sfml-audio-d.lib" "sfml-graphics-d.lib" "sfml-main-d.lib" "sfml-system-d.lib" "sfml-window-d.lib" kernel32.lib user32.lib gdi32.lib winspool.lib comdlg32.lib advapi32.lib shell32.lib ole32.lib oleaut32.lib uuid.lib odbc32.lib odbccp32.lib /MANIFEST /MANIFESTUAC:"level='asInvoker' uiAccess='false'" /manifest:embed /DEBUG /PDB:"P:\Lucid\Lucid\Debug\Lucid.pdb" /SUBSYSTEM:WINDOWS /TLBID:1 /DYNAMICBASE /NXCOMPAT /IMPLIB:"P:\Lucid\Lucid\Debug\Lucid.lib" /MACHINE:X86 Debug\Camera.obj
         Debug\Dialog.obj
         Debug\Effects.obj
         Debug\Enemy.obj
         Debug\Entity.obj
         Debug\Event.obj
         Debug\FilHanterare.obj
         Debug\Game.obj
         Debug\Hiding.obj
         Debug\Light.obj
         Debug\LightMain.obj
         Debug\LightManager.obj
         Debug\Main.obj
         Debug\Map.obj
         Debug\Npc.obj
         Debug\Object.obj
         Debug\Player.obj
         Debug\Portal.obj
         Debug\Sanity.obj
         Debug\SaveLoad.obj
         Debug\Source.obj
         Debug\Trigger.obj
         Debug\Wall.obj
     1>sfml-main-d.lib(SFML_Main.cpp.obj) : warning LNK4099: PDB 'sfml-main-d.pdb' was not found with 'sfml-main-d.lib(SFML_Main.cpp.obj)' or at 'P:\Lucid\Lucid\Debug\sfml-main-d.pdb'; linking object as if no debug info
         Lucid.vcxproj -> P:\Lucid\Lucid\Debug\Lucid.exe
     1>Done Building Project "P:\Lucid\Lucid\Lucid\Lucid.vcxproj" (Build target(s)).

Build succeeded.

Time Elapsed 00:00:13.63
