P:\LUCID\LUCID\DEBUG\LUCID.ILK
P:\LUCID\LUCID\DEBUG\LUCID.EXE
P:\LUCID\LUCID\DEBUG\LUCID.PDB
P:\LUCID\LUCID\LUCID\DEBUG\CAMERA.OBJ
P:\LUCID\LUCID\LUCID\DEBUG\ENEMY.OBJ
P:\LUCID\LUCID\LUCID\DEBUG\ENTITY.OBJ
P:\LUCID\LUCID\LUCID\DEBUG\FILHANTERARE.OBJ
P:\LUCID\LUCID\LUCID\DEBUG\GAME.OBJ
P:\LUCID\LUCID\LUCID\DEBUG\HIDING.OBJ
P:\LUCID\LUCID\LUCID\DEBUG\LIGHT.OBJ
P:\LUCID\LUCID\LUCID\DEBUG\LIGHTMAIN.OBJ
P:\LUCID\LUCID\LUCID\DEBUG\LIGHTMANAGER.OBJ
P:\LUCID\LUCID\LUCID\DEBUG\MAIN.OBJ
P:\LUCID\LUCID\LUCID\DEBUG\MAP.OBJ
P:\LUCID\LUCID\LUCID\DEBUG\NPC.OBJ
P:\LUCID\LUCID\LUCID\DEBUG\OBJECT.OBJ
P:\LUCID\LUCID\LUCID\DEBUG\PORTAL.OBJ
P:\LUCID\LUCID\LUCID\DEBUG\SANITY.OBJ
P:\LUCID\LUCID\LUCID\DEBUG\WALL.OBJ
P:\LUCID\LUCID\LUCID\DEBUG\VC110.PDB
P:\LUCID\LUCID\LUCID\DEBUG\PLAYER.OBJ
P:\LUCID\LUCID\LUCID\DEBUG\EFFECTS.OBJ
P:\LUCID\LUCID\LUCID\DEBUG\DIALOG.OBJ
P:\LUCID\LUCID\LUCID\DEBUG\EVENT.OBJ
P:\LUCID\LUCID\LUCID\DEBUG\TRIGGER.OBJ
P:\Lucid\Lucid\Lucid\Debug\Player.obj
P:\Lucid\Lucid\Lucid\Debug\LightMain.obj
P:\Lucid\Lucid\Lucid\Debug\Dialog.obj
P:\Lucid\Lucid\Lucid\Debug\Wall.obj
P:\Lucid\Lucid\Lucid\Debug\Camera.obj
P:\Lucid\Lucid\Lucid\Debug\Entity.obj
P:\Lucid\Lucid\Lucid\Debug\Effects.obj
P:\Lucid\Lucid\Lucid\Debug\Trigger.obj
P:\Lucid\Lucid\Lucid\Debug\FilHanterare.obj
P:\Lucid\Lucid\Lucid\Debug\Portal.obj
P:\Lucid\Lucid\Lucid\Debug\Npc.obj
P:\Lucid\Lucid\Lucid\Debug\Map.obj
P:\Lucid\Lucid\Lucid\Debug\LightManager.obj
P:\Lucid\Lucid\Lucid\Debug\Hiding.obj
P:\Lucid\Lucid\Lucid\Debug\Enemy.obj
P:\Lucid\Lucid\Lucid\Debug\Light.obj
P:\Lucid\Lucid\Lucid\Debug\Sanity.obj
P:\Lucid\Lucid\Lucid\Debug\Game.obj
P:\Lucid\Lucid\Lucid\Debug\Object.obj
P:\Lucid\Lucid\Lucid\Debug\Event.obj
P:\Lucid\Lucid\Lucid\Debug\Main.obj
P:\Lucid\Lucid\Lucid\Debug\link.4604-rc.read.1.tlog
P:\Lucid\Lucid\Lucid\Debug\link-rc.write.1.tlog
P:\Lucid\Lucid\Lucid\Debug\link.4312.read.2.tlog
P:\Lucid\Lucid\Lucid\Debug\link.5776-rc.write.1.tlog
P:\Lucid\Lucid\Lucid\Debug\link.4200-cvtres.read.1.tlog
P:\Lucid\Lucid\Lucid\Debug\link.4412-cvtres.write.1.tlog
P:\Lucid\Lucid\Lucid\Debug\link.5020-cvtres.read.1.tlog
P:\Lucid\Lucid\Lucid\Debug\link.3488.read.1.tlog
P:\Lucid\Lucid\Lucid\Debug\link.3068.read.2.tlog
P:\Lucid\Lucid\Lucid\Debug\link.read.2.tlog
P:\Lucid\Lucid\Lucid\Debug\link.5012-cvtres.read.1.tlog
P:\Lucid\Lucid\Lucid\Debug\link.3068-cvtres.write.1.tlog
P:\Lucid\Lucid\Lucid\Debug\link.4604-cvtres.read.1.tlog
P:\Lucid\Lucid\Lucid\Debug\link.4604.write.1.tlog
P:\Lucid\Lucid\Lucid\Debug\link.5020.read.2.tlog
P:\Lucid\Lucid\Lucid\Debug\link.5012.write.1.tlog
P:\Lucid\Lucid\Lucid\Debug\link.4604-cvtres.write.1.tlog
P:\Lucid\Lucid\Lucid\Debug\link.3488-cvtres.write.1.tlog
P:\Lucid\Lucid\Lucid\Debug\link.3488-cvtres.read.1.tlog
P:\Lucid\Lucid\Lucid\Debug\link.4200.read.1.tlog
P:\Lucid\Lucid\Lucid\Debug\CL.read.1.tlog
P:\Lucid\Lucid\Lucid\Debug\link.4312-cvtres.write.1.tlog
P:\Lucid\Lucid\Lucid\Debug\cl.command.1.tlog
P:\Lucid\Lucid\Lucid\Debug\link.5776.read.2.tlog
P:\Lucid\Lucid\Lucid\Debug\link.4412.read.2.tlog
P:\Lucid\Lucid\Lucid\Debug\link.5776-cvtres.read.1.tlog
P:\Lucid\Lucid\Lucid\Debug\link.5012.read.2.tlog
P:\Lucid\Lucid\Lucid\Debug\link.4604.read.2.tlog
P:\Lucid\Lucid\Lucid\Debug\link.4604-rc.write.1.tlog
P:\Lucid\Lucid\Lucid\Debug\link.write.1.tlog
P:\Lucid\Lucid\Lucid\Debug\link.4200-cvtres.write.1.tlog
P:\Lucid\Lucid\Lucid\Debug\link.4312-rc.read.1.tlog
P:\Lucid\Lucid\Lucid\Debug\link.3488.read.2.tlog
P:\Lucid\Lucid\Lucid\Debug\link.3068.read.1.tlog
P:\Lucid\Lucid\Lucid\Debug\link.3068-rc.read.1.tlog
P:\Lucid\Lucid\Lucid\Debug\CL.write.1.tlog
P:\Lucid\Lucid\Lucid\Debug\link.4200-rc.write.1.tlog
P:\Lucid\Lucid\Lucid\Debug\link.read.1.tlog
P:\Lucid\Lucid\Lucid\Debug\link.4312-rc.write.1.tlog
P:\Lucid\Lucid\Lucid\Debug\link.5012-cvtres.write.1.tlog
P:\Lucid\Lucid\Lucid\Debug\link-rc.read.1.tlog
P:\Lucid\Lucid\Lucid\Debug\link.4312-cvtres.read.1.tlog
P:\Lucid\Lucid\Lucid\Debug\link.3068-rc.write.1.tlog
P:\Lucid\Lucid\Lucid\Debug\link.5012-rc.write.1.tlog
P:\Lucid\Lucid\Lucid\Debug\link.5020-cvtres.write.1.tlog
P:\Lucid\Lucid\Lucid\Debug\link.3068.write.1.tlog
P:\Lucid\Lucid\Lucid\Debug\link.4312.read.1.tlog
P:\Lucid\Lucid\Lucid\Debug\link-cvtres.read.1.tlog
P:\Lucid\Lucid\Lucid\Debug\link.5776-cvtres.write.1.tlog
P:\Lucid\Lucid\Lucid\Debug\link.4200.read.2.tlog
P:\Lucid\Lucid\Lucid\Debug\link.4412.write.1.tlog
P:\Lucid\Lucid\Lucid\Debug\link.3488-rc.read.1.tlog
P:\Lucid\Lucid\Lucid\Debug\link.5020-rc.write.1.tlog
P:\Lucid\Lucid\Lucid\Debug\link.5776.read.1.tlog
P:\Lucid\Lucid\Lucid\Debug\link.4412.read.1.tlog
P:\Lucid\Lucid\Lucid\Debug\link.4312.write.1.tlog
P:\Lucid\Lucid\Lucid\Debug\link.3488-rc.write.1.tlog
P:\Lucid\Lucid\Lucid\Debug\link.4412-cvtres.read.1.tlog
P:\Lucid\Lucid\Lucid\Debug\link.5012.read.1.tlog
P:\Lucid\Lucid\Lucid\Debug\link.4604.read.1.tlog
P:\Lucid\Lucid\Lucid\Debug\link.5020.write.1.tlog
P:\Lucid\Lucid\Lucid\Debug\link.3488.write.1.tlog
P:\Lucid\Lucid\Lucid\Debug\link.5776-rc.read.1.tlog
P:\Lucid\Lucid\Lucid\Debug\link.4200.write.1.tlog
P:\Lucid\Lucid\Lucid\Debug\link.5020-rc.read.1.tlog
P:\Lucid\Lucid\Lucid\Debug\link.4412-rc.read.1.tlog
P:\Lucid\Lucid\Lucid\Debug\link.4200-rc.read.1.tlog
P:\Lucid\Lucid\Lucid\Debug\link.4412-rc.write.1.tlog
P:\Lucid\Lucid\Lucid\Debug\link.3068-cvtres.read.1.tlog
P:\Lucid\Lucid\Lucid\Debug\link.5020.read.1.tlog
P:\Lucid\Lucid\Lucid\Debug\link.command.1.tlog
P:\Lucid\Lucid\Lucid\Debug\link.5776.write.1.tlog
P:\Lucid\Lucid\Lucid\Debug\link.5012-rc.read.1.tlog
P:\Lucid\Lucid\Lucid\Debug\link-cvtres.write.1.tlog
P:\Lucid\Lucid\Lucid\Debug\vc110.idb
P:\Lucid\Lucid\Lucid\Debug\vc110.pdb
P:\Lucid\Lucid\Debug\Lucid.pdb
